2018-10-12 18:30:41,370 - INFO - Directories cleanup complete.
2018-10-12 18:33:16,612 - DEBUG - Using access key provided by client.
2018-10-12 18:33:16,614 - DEBUG - Using secret key provided by client.
2018-10-12 18:33:16,616 - INFO - Initializing zip download.
2018-10-12 18:33:19,296 - INFO - Log file log20080101.zip successfully downloaded
2018-10-12 18:33:21,718 - INFO - Log file log20080201.zip successfully downloaded
2018-10-12 18:33:24,199 - INFO - Log file log20080301.zip successfully downloaded
2018-10-12 18:33:27,579 - INFO - Log file log20080401.zip successfully downloaded
2018-10-12 18:33:31,034 - INFO - Log file log20080501.zip successfully downloaded
2018-10-12 18:33:32,719 - INFO - Log file log20080601.zip successfully downloaded
2018-10-12 18:33:35,768 - INFO - Log file log20080701.zip successfully downloaded
2018-10-12 18:33:39,086 - INFO - Log file log20080801.zip successfully downloaded
2018-10-12 18:33:41,303 - INFO - Log file log20080901.zip successfully downloaded
2018-10-12 18:33:45,886 - INFO - Log file log20081001.zip successfully downloaded
2018-10-12 18:33:48,296 - INFO - Log file log20081101.zip successfully downloaded
2018-10-12 18:33:52,367 - INFO - Log file log20081201.zip successfully downloaded
2018-10-12 18:33:52,368 - INFO - All log files downloaded for 2008
2018-10-12 18:34:00,848 - INFO - Zip files successfully extracted to folder: downloaded_zips_unzipped.
2018-10-12 18:34:36,060 - INFO - All the csv read into individual dataframes
2018-10-12 18:34:36,262 - INFO - Count of Null values for downloaded_zips_unzipped\log20080101.csv in all the variables:
ip                0
date              0
time              0
zone              0
cik               0
accession         0
extention         0
code              0
size           3729
idx               0
norefer           0
noagent           0
find              0
crawler           0
browser      125368
dtype: int64 
2018-10-12 18:34:36,288 - INFO - There are 0 idx which are not 0 or 1 in the log file downloaded_zips_unzipped\log20080101.csv
2018-10-12 18:34:36,303 - INFO - There are 0 norefer which are not 0 or 1 in the log file downloaded_zips_unzipped\log20080101.csv
2018-10-12 18:34:36,316 - INFO - There are 0 noagent which are not 0 or 1 in the log file downloaded_zips_unzipped\log20080101.csv
2018-10-12 18:34:37,547 - INFO - Count of Null values for downloaded_zips_unzipped\log20080201.csv in all the variables:
ip                0
date              0
time              0
zone              0
cik               0
accession         0
extention         0
code              0
size          20662
idx               0
norefer           0
noagent           0
find              0
crawler           0
browser      222875
dtype: int64 
2018-10-12 18:34:37,562 - INFO - There are 0 idx which are not 0 or 1 in the log file downloaded_zips_unzipped\log20080201.csv
2018-10-12 18:34:37,601 - INFO - There are 0 norefer which are not 0 or 1 in the log file downloaded_zips_unzipped\log20080201.csv
2018-10-12 18:34:37,630 - INFO - There are 0 noagent which are not 0 or 1 in the log file downloaded_zips_unzipped\log20080201.csv
2018-10-12 18:34:40,166 - INFO - Count of Null values for downloaded_zips_unzipped\log20080301.csv in all the variables:
ip                0
date              0
time              0
zone              0
cik               0
accession         0
extention         0
code              0
size           5620
idx               0
norefer           0
noagent           0
find              0
crawler           0
browser      325107
dtype: int64 
2018-10-12 18:34:40,192 - INFO - There are 0 idx which are not 0 or 1 in the log file downloaded_zips_unzipped\log20080301.csv
2018-10-12 18:34:40,206 - INFO - There are 0 norefer which are not 0 or 1 in the log file downloaded_zips_unzipped\log20080301.csv
2018-10-12 18:34:40,239 - INFO - There are 0 noagent which are not 0 or 1 in the log file downloaded_zips_unzipped\log20080301.csv
2018-10-12 18:34:42,677 - INFO - Count of Null values for downloaded_zips_unzipped\log20080401.csv in all the variables:
ip                0
date              0
time              0
zone              0
cik               0
accession         0
extention         0
code              0
size          30704
idx               0
norefer           0
noagent           0
find              0
crawler           0
browser      347456
dtype: int64 
2018-10-12 18:34:42,722 - INFO - There are 0 idx which are not 0 or 1 in the log file downloaded_zips_unzipped\log20080401.csv
2018-10-12 18:34:42,780 - INFO - There are 0 norefer which are not 0 or 1 in the log file downloaded_zips_unzipped\log20080401.csv
2018-10-12 18:34:42,816 - INFO - There are 0 noagent which are not 0 or 1 in the log file downloaded_zips_unzipped\log20080401.csv
2018-10-12 18:34:46,599 - INFO - Count of Null values for downloaded_zips_unzipped\log20080501.csv in all the variables:
ip                0
date              0
time              0
zone              0
cik               0
accession         0
extention         0
code              0
size          21581
idx               0
norefer           0
noagent           0
find              0
crawler           0
browser      631250
dtype: int64 
2018-10-12 18:34:46,669 - INFO - There are 0 idx which are not 0 or 1 in the log file downloaded_zips_unzipped\log20080501.csv
2018-10-12 18:34:46,709 - INFO - There are 0 norefer which are not 0 or 1 in the log file downloaded_zips_unzipped\log20080501.csv
2018-10-12 18:34:46,762 - INFO - There are 0 noagent which are not 0 or 1 in the log file downloaded_zips_unzipped\log20080501.csv
2018-10-12 18:34:50,810 - INFO - Count of Null values for downloaded_zips_unzipped\log20080601.csv in all the variables:
ip                0
date              0
time              0
zone              0
cik               0
accession         0
extention         0
code              0
size           5763
idx               0
norefer           0
noagent           0
find              0
crawler           0
browser      224287
dtype: int64 
2018-10-12 18:34:50,834 - INFO - There are 0 idx which are not 0 or 1 in the log file downloaded_zips_unzipped\log20080601.csv
2018-10-12 18:34:50,845 - INFO - There are 0 norefer which are not 0 or 1 in the log file downloaded_zips_unzipped\log20080601.csv
2018-10-12 18:34:50,863 - INFO - There are 0 noagent which are not 0 or 1 in the log file downloaded_zips_unzipped\log20080601.csv
2018-10-12 18:34:52,611 - INFO - Count of Null values for downloaded_zips_unzipped\log20080701.csv in all the variables:
ip                0
date              0
time              0
zone              0
cik               0
accession         0
extention         0
code              0
size          21492
idx               0
norefer           0
noagent           0
find              0
crawler           0
browser      226706
dtype: int64 
2018-10-12 18:34:52,647 - INFO - There are 0 idx which are not 0 or 1 in the log file downloaded_zips_unzipped\log20080701.csv
2018-10-12 18:34:52,673 - INFO - There are 0 norefer which are not 0 or 1 in the log file downloaded_zips_unzipped\log20080701.csv
2018-10-12 18:34:52,702 - INFO - There are 0 noagent which are not 0 or 1 in the log file downloaded_zips_unzipped\log20080701.csv
2018-10-12 18:34:55,474 - INFO - Count of Null values for downloaded_zips_unzipped\log20080801.csv in all the variables:
ip                0
date              0
time              0
zone              0
cik               0
accession         0
extention         0
code              0
size          18936
idx               0
norefer           0
noagent           0
find              0
crawler           0
browser      278679
dtype: int64 
2018-10-12 18:34:55,488 - INFO - There are 0 idx which are not 0 or 1 in the log file downloaded_zips_unzipped\log20080801.csv
2018-10-12 18:34:55,532 - INFO - There are 0 norefer which are not 0 or 1 in the log file downloaded_zips_unzipped\log20080801.csv
2018-10-12 18:34:55,559 - INFO - There are 0 noagent which are not 0 or 1 in the log file downloaded_zips_unzipped\log20080801.csv
2018-10-12 18:34:57,892 - INFO - Count of Null values for downloaded_zips_unzipped\log20080901.csv in all the variables:
ip                0
date              0
time              0
zone              0
cik               0
accession         0
extention         0
code              0
size          13933
idx               0
norefer           0
noagent           0
find              0
crawler           0
browser      157893
dtype: int64 
2018-10-12 18:34:57,915 - INFO - There are 0 idx which are not 0 or 1 in the log file downloaded_zips_unzipped\log20080901.csv
2018-10-12 18:34:57,928 - INFO - There are 0 norefer which are not 0 or 1 in the log file downloaded_zips_unzipped\log20080901.csv
2018-10-12 18:34:57,948 - INFO - There are 0 noagent which are not 0 or 1 in the log file downloaded_zips_unzipped\log20080901.csv
2018-10-12 18:35:00,207 - INFO - Count of Null values for downloaded_zips_unzipped\log20081001.csv in all the variables:
ip                0
date              0
time              0
zone              0
cik               0
accession         0
extention         0
code              0
size          37738
idx               0
norefer           0
noagent           0
find              0
crawler           0
browser      234603
dtype: int64 
2018-10-12 18:35:00,239 - INFO - There are 0 idx which are not 0 or 1 in the log file downloaded_zips_unzipped\log20081001.csv
2018-10-12 18:35:00,293 - INFO - There are 0 norefer which are not 0 or 1 in the log file downloaded_zips_unzipped\log20081001.csv
2018-10-12 18:35:00,330 - INFO - There are 0 noagent which are not 0 or 1 in the log file downloaded_zips_unzipped\log20081001.csv
2018-10-12 18:35:03,925 - INFO - Count of Null values for downloaded_zips_unzipped\log20081101.csv in all the variables:
ip                0
date              0
time              0
zone              0
cik               0
accession         0
extention         0
code              0
size          10992
idx               0
norefer           0
noagent           0
find              0
crawler           0
browser      263144
dtype: int64 
2018-10-12 18:35:03,963 - INFO - There are 0 idx which are not 0 or 1 in the log file downloaded_zips_unzipped\log20081101.csv
2018-10-12 18:35:03,985 - INFO - There are 0 norefer which are not 0 or 1 in the log file downloaded_zips_unzipped\log20081101.csv
2018-10-12 18:35:04,004 - INFO - There are 0 noagent which are not 0 or 1 in the log file downloaded_zips_unzipped\log20081101.csv
2018-10-12 18:35:06,475 - INFO - Count of Null values for downloaded_zips_unzipped\log20081201.csv in all the variables:
ip                0
date              0
time              0
zone              0
cik               0
accession         0
extention         0
code              2
size          32709
idx               2
norefer           0
noagent           0
find              2
crawler           2
browser      219816
dtype: int64 
2018-10-12 18:35:06,506 - INFO - There are 2 idx which are not 0 or 1 in the log file downloaded_zips_unzipped\log20081201.csv
2018-10-12 18:35:06,545 - INFO - There are 2 norefer which are not 0 or 1 in the log file downloaded_zips_unzipped\log20081201.csv
2018-10-12 18:35:06,582 - INFO - There are 2 noagent which are not 0 or 1 in the log file downloaded_zips_unzipped\log20081201.csv
2018-10-12 18:35:09,961 - INFO - Rows removed where ip, date, time, cik or accession were null.
2018-10-12 18:35:09,961 - INFO - NaN values in browser replaced with maximum count browser.
2018-10-12 18:35:09,961 - INFO - NaN values in idx replaced with maximum count idx.
2018-10-12 18:35:09,961 - INFO - NaN values in code replaced with maximum count code.
2018-10-12 18:35:09,961 - INFO - NaN values in norefer replaced with 0.
2018-10-12 18:35:09,973 - INFO - NaN values in noagent replaced with 0.
2018-10-12 18:35:09,974 - INFO - NaN values in find replaced with maximum count find.
2018-10-12 18:35:09,976 - INFO - NaN values in crawler replaced with 0.
2018-10-12 18:35:09,978 - INFO - NaN values in extension replaced with maximum count extension.
2018-10-12 18:35:09,979 - INFO - NaN values in zone replaced with maximum count zone.
2018-10-12 18:35:09,981 - INFO - NaN values in size replaced with mean value of size.
2018-10-12 18:35:09,981 - INFO - New column added to dataframe: Mean of size.
2018-10-12 18:35:09,982 - INFO - New column added to dataframe: Max count of browser.
2018-10-12 18:35:09,984 - INFO - New column added to dataframe: Count of distinct ip per month.
2018-10-12 18:35:09,985 - INFO - New column added to dataframe: Count of distinct cik per month.
2018-10-12 18:57:49,668 - INFO - All dataframes of csvs are combined and exported as csv: main_csv.csv.
2018-10-12 18:58:15,373 - INFO - Compiled csv and log file zipped
2018-10-12 18:58:15,375 - DEBUG - path=/
2018-10-12 18:58:15,375 - DEBUG - auth_path=/ akiajb3ek3yzrouuilyq20181012185815375781/
2018-10-12 18:58:15,376 - DEBUG - Method: PUT
2018-10-12 18:58:15,377 - DEBUG - Path: /
2018-10-12 18:58:15,378 - DEBUG - Data: <CreateBucketConfiguration><LocationConstraint>us-west-1</LocationConstraint></CreateBucketConfiguration>
2018-10-12 18:58:15,378 - DEBUG - Headers: {}
2018-10-12 18:58:15,380 - DEBUG - Host:  akiajb3ek3yzrouuilyq20181012185815375781.s3.amazonaws.com:443
2018-10-12 18:58:15,381 - DEBUG - Port: 443
2018-10-12 18:58:15,382 - DEBUG - Params: {}
2018-10-12 18:58:15,383 - DEBUG - establishing HTTPS connection: host=akiajb3ek3yzrouuilyq20181012185815375781.s3.amazonaws.com, kwargs={'timeout': 70, 'port': 443}
2018-10-12 18:58:15,393 - DEBUG - Token: None
2018-10-12 18:58:15,394 - DEBUG - StringToSign:
PUT


Fri, 12 Oct 2018 22:58:15 GMT
/ akiajb3ek3yzrouuilyq20181012185815375781/
2018-10-12 18:58:15,394 - DEBUG - Signature:
AWS  AKIAJB3EK3YZROUUILYQ:RqfawpzOEQ5KMRsrNGbDg1vsQkA=
2018-10-12 18:58:15,395 - DEBUG - Final headers: {'User-Agent': 'Boto/2.48.0 Python/3.6.5 Windows/10', 'Date': 'Fri, 12 Oct 2018 22:58:15 GMT', 'Authorization': 'AWS  AKIAJB3EK3YZROUUILYQ:RqfawpzOEQ5KMRsrNGbDg1vsQkA=', 'Content-Length': '105'}
2018-10-12 18:58:15,688 - DEBUG - Response headers: [('x-amz-request-id', '990DC82CCBAEE4C4'), ('x-amz-id-2', 'c2h9hLh5fIbwInxEnnq3hoAxmU8qdRJITZw7PT1P4R4cNr7+Ugo2DyNOMudxI9HM70QKIiub3DA='), ('Content-Type', 'application/xml'), ('Transfer-Encoding', 'chunked'), ('Date', 'Fri, 12 Oct 2018 22:58:14 GMT'), ('Connection', 'close'), ('Server', 'AmazonS3')]
2018-10-12 18:58:17,194 - INFO - Amazon keys are invalid!!
2018-10-12 19:29:21,126 - DEBUG - Using access key provided by client.
2018-10-12 19:29:21,133 - DEBUG - Using secret key provided by client.
2018-10-12 19:29:21,135 - DEBUG - path=/
2018-10-12 19:29:21,136 - DEBUG - auth_path=/akiajb3ek3yzrouuilyq-dump/
2018-10-12 19:29:21,137 - DEBUG - Method: PUT
2018-10-12 19:29:21,138 - DEBUG - Path: /
2018-10-12 19:29:21,139 - DEBUG - Data: 
2018-10-12 19:29:21,140 - DEBUG - Headers: {}
2018-10-12 19:29:21,141 - DEBUG - Host: akiajb3ek3yzrouuilyq-dump.s3.amazonaws.com:443
2018-10-12 19:29:21,144 - DEBUG - Port: 443
2018-10-12 19:29:21,145 - DEBUG - Params: {}
2018-10-12 19:29:21,146 - DEBUG - establishing HTTPS connection: host=akiajb3ek3yzrouuilyq-dump.s3.amazonaws.com, kwargs={'timeout': 70, 'port': 443}
2018-10-12 19:29:21,503 - DEBUG - Token: None
2018-10-12 19:29:21,503 - DEBUG - StringToSign:
PUT


Fri, 12 Oct 2018 23:29:21 GMT
/akiajb3ek3yzrouuilyq-dump/
2018-10-12 19:29:21,503 - DEBUG - Signature:
AWS AKIAJB3EK3YZROUUILYQ:HVKrG1jc5MJrsfsEGzg7TRoRW8s=
2018-10-12 19:29:21,511 - DEBUG - Final headers: {'User-Agent': 'Boto/2.48.0 Python/3.6.5 Windows/10', 'Date': 'Fri, 12 Oct 2018 23:29:21 GMT', 'Authorization': 'AWS AKIAJB3EK3YZROUUILYQ:HVKrG1jc5MJrsfsEGzg7TRoRW8s=', 'Content-Length': '0'}
2018-10-12 19:29:21,774 - DEBUG - Response headers: [('x-amz-request-id', '705896A8945035E7'), ('x-amz-id-2', 'L3Ewd4YB116l/U3DHnQ7NhaSiDcYk3qBRAVP/V/37Tz/p80A4TfcRHihvIV5Q+VD4/7wwBELtR4='), ('Content-Type', 'application/xml'), ('Transfer-Encoding', 'chunked'), ('Date', 'Fri, 12 Oct 2018 23:29:20 GMT'), ('Server', 'AmazonS3')]
2018-10-12 19:39:29,630 - DEBUG - Retrieving credentials from metadata server.
2018-10-12 19:39:29,634 - ERROR - Caught exception reading instance data
Traceback (most recent call last):
  File "C:\Users\sayal\Anaconda3\lib\urllib\request.py", line 1318, in do_open
    encode_chunked=req.has_header('Transfer-encoding'))
  File "C:\Users\sayal\Anaconda3\lib\http\client.py", line 1239, in request
    self._send_request(method, url, body, headers, encode_chunked)
  File "C:\Users\sayal\Anaconda3\lib\http\client.py", line 1285, in _send_request
    self.endheaders(body, encode_chunked=encode_chunked)
  File "C:\Users\sayal\Anaconda3\lib\http\client.py", line 1234, in endheaders
    self._send_output(message_body, encode_chunked=encode_chunked)
  File "C:\Users\sayal\Anaconda3\lib\http\client.py", line 1026, in _send_output
    self.send(msg)
  File "C:\Users\sayal\Anaconda3\lib\http\client.py", line 964, in send
    self.connect()
  File "C:\Users\sayal\Anaconda3\lib\http\client.py", line 936, in connect
    (self.host,self.port), self.timeout, self.source_address)
  File "C:\Users\sayal\Anaconda3\lib\socket.py", line 724, in create_connection
    raise err
  File "C:\Users\sayal\Anaconda3\lib\socket.py", line 713, in create_connection
    sock.connect(sa)
OSError: [WinError 10051] A socket operation was attempted to an unreachable network

During handling of the above exception, another exception occurred:

Traceback (most recent call last):
  File "C:\Users\sayal\Anaconda3\lib\site-packages\boto\utils.py", line 210, in retry_url
    r = opener.open(req, timeout=timeout)
  File "C:\Users\sayal\Anaconda3\lib\urllib\request.py", line 526, in open
    response = self._open(req, data)
  File "C:\Users\sayal\Anaconda3\lib\urllib\request.py", line 544, in _open
    '_open', req)
  File "C:\Users\sayal\Anaconda3\lib\urllib\request.py", line 504, in _call_chain
    result = func(*args)
  File "C:\Users\sayal\Anaconda3\lib\urllib\request.py", line 1346, in http_open
    return self.do_open(http.client.HTTPConnection, req)
  File "C:\Users\sayal\Anaconda3\lib\urllib\request.py", line 1320, in do_open
    raise URLError(err)
urllib.error.URLError: <urlopen error [WinError 10051] A socket operation was attempted to an unreachable network>
2018-10-12 19:39:30,118 - ERROR - Unable to read instance data, giving up
2018-10-12 19:41:27,035 - ERROR - name '__file__' is not defined
2018-10-12 19:43:25,998 - ERROR - name '__file__' is not defined
2018-10-12 19:44:20,044 - DEBUG - Using access key provided by client.
2018-10-12 19:44:20,046 - DEBUG - Using secret key provided by client.
2018-10-12 19:44:20,048 - INFO - Initializing zip download.
2018-10-12 19:44:21,749 - INFO - Log file log20080101.zip successfully downloaded
2018-10-12 19:44:24,658 - INFO - Log file log20080201.zip successfully downloaded
2018-10-12 19:44:27,316 - INFO - Log file log20080301.zip successfully downloaded
2018-10-12 19:44:30,130 - INFO - Log file log20080401.zip successfully downloaded
2018-10-12 19:44:33,457 - INFO - Log file log20080501.zip successfully downloaded
2018-10-12 19:44:35,013 - INFO - Log file log20080601.zip successfully downloaded
2018-10-12 19:44:37,376 - INFO - Log file log20080701.zip successfully downloaded
2018-10-12 19:44:39,475 - INFO - Log file log20080801.zip successfully downloaded
2018-10-12 19:44:41,499 - INFO - Log file log20080901.zip successfully downloaded
2018-10-12 19:44:44,890 - INFO - Log file log20081001.zip successfully downloaded
2018-10-12 19:44:46,632 - INFO - Log file log20081101.zip successfully downloaded
2018-10-12 19:44:50,095 - INFO - Log file log20081201.zip successfully downloaded
2018-10-12 19:44:50,095 - INFO - All log files downloaded for 2008
2018-10-12 19:44:53,657 - INFO - Zip files successfully extracted to folder: downloaded_zips_unzipped.
2018-10-12 19:45:08,471 - INFO - All the csv read into individual dataframes
2018-10-12 19:45:08,549 - INFO - Count of Null values for downloaded_zips_unzipped\log20080101.csv in all the variables:
ip                0
date              0
time              0
zone              0
cik               0
accession         0
extention         0
code              0
size           3729
idx               0
norefer           0
noagent           0
find              0
crawler           0
browser      125368
dtype: int64 
2018-10-12 19:45:08,565 - INFO - There are 0 idx which are not 0 or 1 in the log file downloaded_zips_unzipped\log20080101.csv
2018-10-12 19:45:08,569 - INFO - There are 0 norefer which are not 0 or 1 in the log file downloaded_zips_unzipped\log20080101.csv
2018-10-12 19:45:08,574 - INFO - There are 0 noagent which are not 0 or 1 in the log file downloaded_zips_unzipped\log20080101.csv
2018-10-12 19:45:09,093 - INFO - Count of Null values for downloaded_zips_unzipped\log20080201.csv in all the variables:
ip                0
date              0
time              0
zone              0
cik               0
accession         0
extention         0
code              0
size          20662
idx               0
norefer           0
noagent           0
find              0
crawler           0
browser      222875
dtype: int64 
2018-10-12 19:45:09,119 - INFO - There are 0 idx which are not 0 or 1 in the log file downloaded_zips_unzipped\log20080201.csv
2018-10-12 19:45:09,135 - INFO - There are 0 norefer which are not 0 or 1 in the log file downloaded_zips_unzipped\log20080201.csv
2018-10-12 19:45:09,149 - INFO - There are 0 noagent which are not 0 or 1 in the log file downloaded_zips_unzipped\log20080201.csv
2018-10-12 19:45:10,139 - INFO - Count of Null values for downloaded_zips_unzipped\log20080301.csv in all the variables:
ip                0
date              0
time              0
zone              0
cik               0
accession         0
extention         0
code              0
size           5620
idx               0
norefer           0
noagent           0
find              0
crawler           0
browser      325107
dtype: int64 
2018-10-12 19:45:10,156 - INFO - There are 0 idx which are not 0 or 1 in the log file downloaded_zips_unzipped\log20080301.csv
2018-10-12 19:45:10,167 - INFO - There are 0 norefer which are not 0 or 1 in the log file downloaded_zips_unzipped\log20080301.csv
2018-10-12 19:45:10,179 - INFO - There are 0 noagent which are not 0 or 1 in the log file downloaded_zips_unzipped\log20080301.csv
2018-10-12 19:45:11,125 - INFO - Count of Null values for downloaded_zips_unzipped\log20080401.csv in all the variables:
ip                0
date              0
time              0
zone              0
cik               0
accession         0
extention         0
code              0
size          30704
idx               0
norefer           0
noagent           0
find              0
crawler           0
browser      347456
dtype: int64 
2018-10-12 19:45:11,154 - INFO - There are 0 idx which are not 0 or 1 in the log file downloaded_zips_unzipped\log20080401.csv
2018-10-12 19:45:11,174 - INFO - There are 0 norefer which are not 0 or 1 in the log file downloaded_zips_unzipped\log20080401.csv
2018-10-12 19:45:11,190 - INFO - There are 0 noagent which are not 0 or 1 in the log file downloaded_zips_unzipped\log20080401.csv
2018-10-12 19:45:12,946 - INFO - Count of Null values for downloaded_zips_unzipped\log20080501.csv in all the variables:
ip                0
date              0
time              0
zone              0
cik               0
accession         0
extention         0
code              0
size          21581
idx               0
norefer           0
noagent           0
find              0
crawler           0
browser      631250
dtype: int64 
2018-10-12 19:45:12,976 - INFO - There are 0 idx which are not 0 or 1 in the log file downloaded_zips_unzipped\log20080501.csv
2018-10-12 19:45:12,997 - INFO - There are 0 norefer which are not 0 or 1 in the log file downloaded_zips_unzipped\log20080501.csv
2018-10-12 19:45:13,018 - INFO - There are 0 noagent which are not 0 or 1 in the log file downloaded_zips_unzipped\log20080501.csv
2018-10-12 19:45:14,673 - INFO - Count of Null values for downloaded_zips_unzipped\log20080601.csv in all the variables:
ip                0
date              0
time              0
zone              0
cik               0
accession         0
extention         0
code              0
size           5763
idx               0
norefer           0
noagent           0
find              0
crawler           0
browser      224287
dtype: int64 
2018-10-12 19:45:14,693 - INFO - There are 0 idx which are not 0 or 1 in the log file downloaded_zips_unzipped\log20080601.csv
2018-10-12 19:45:14,700 - INFO - There are 0 norefer which are not 0 or 1 in the log file downloaded_zips_unzipped\log20080601.csv
2018-10-12 19:45:14,707 - INFO - There are 0 noagent which are not 0 or 1 in the log file downloaded_zips_unzipped\log20080601.csv
2018-10-12 19:45:15,443 - INFO - Count of Null values for downloaded_zips_unzipped\log20080701.csv in all the variables:
ip                0
date              0
time              0
zone              0
cik               0
accession         0
extention         0
code              0
size          21492
idx               0
norefer           0
noagent           0
find              0
crawler           0
browser      226706
dtype: int64 
2018-10-12 19:45:15,459 - INFO - There are 0 idx which are not 0 or 1 in the log file downloaded_zips_unzipped\log20080701.csv
2018-10-12 19:45:15,473 - INFO - There are 0 norefer which are not 0 or 1 in the log file downloaded_zips_unzipped\log20080701.csv
2018-10-12 19:45:15,485 - INFO - There are 0 noagent which are not 0 or 1 in the log file downloaded_zips_unzipped\log20080701.csv
2018-10-12 19:45:16,687 - INFO - Count of Null values for downloaded_zips_unzipped\log20080801.csv in all the variables:
ip                0
date              0
time              0
zone              0
cik               0
accession         0
extention         0
code              0
size          18936
idx               0
norefer           0
noagent           0
find              0
crawler           0
browser      278679
dtype: int64 
2018-10-12 19:45:16,706 - INFO - There are 0 idx which are not 0 or 1 in the log file downloaded_zips_unzipped\log20080801.csv
2018-10-12 19:45:16,719 - INFO - There are 0 norefer which are not 0 or 1 in the log file downloaded_zips_unzipped\log20080801.csv
2018-10-12 19:45:16,730 - INFO - There are 0 noagent which are not 0 or 1 in the log file downloaded_zips_unzipped\log20080801.csv
2018-10-12 19:45:17,849 - INFO - Count of Null values for downloaded_zips_unzipped\log20080901.csv in all the variables:
ip                0
date              0
time              0
zone              0
cik               0
accession         0
extention         0
code              0
size          13933
idx               0
norefer           0
noagent           0
find              0
crawler           0
browser      157893
dtype: int64 
2018-10-12 19:45:17,876 - INFO - There are 0 idx which are not 0 or 1 in the log file downloaded_zips_unzipped\log20080901.csv
2018-10-12 19:45:17,888 - INFO - There are 0 norefer which are not 0 or 1 in the log file downloaded_zips_unzipped\log20080901.csv
2018-10-12 19:45:17,900 - INFO - There are 0 noagent which are not 0 or 1 in the log file downloaded_zips_unzipped\log20080901.csv
2018-10-12 19:45:18,797 - INFO - Count of Null values for downloaded_zips_unzipped\log20081001.csv in all the variables:
ip                0
date              0
time              0
zone              0
cik               0
accession         0
extention         0
code              0
size          37738
idx               0
norefer           0
noagent           0
find              0
crawler           0
browser      234603
dtype: int64 
2018-10-12 19:45:18,817 - INFO - There are 0 idx which are not 0 or 1 in the log file downloaded_zips_unzipped\log20081001.csv
2018-10-12 19:45:18,834 - INFO - There are 0 norefer which are not 0 or 1 in the log file downloaded_zips_unzipped\log20081001.csv
2018-10-12 19:45:18,851 - INFO - There are 0 noagent which are not 0 or 1 in the log file downloaded_zips_unzipped\log20081001.csv
2018-10-12 19:45:20,437 - INFO - Count of Null values for downloaded_zips_unzipped\log20081101.csv in all the variables:
ip                0
date              0
time              0
zone              0
cik               0
accession         0
extention         0
code              0
size          10992
idx               0
norefer           0
noagent           0
find              0
crawler           0
browser      263144
dtype: int64 
2018-10-12 19:45:20,465 - INFO - There are 0 idx which are not 0 or 1 in the log file downloaded_zips_unzipped\log20081101.csv
2018-10-12 19:45:20,475 - INFO - There are 0 norefer which are not 0 or 1 in the log file downloaded_zips_unzipped\log20081101.csv
2018-10-12 19:45:20,486 - INFO - There are 0 noagent which are not 0 or 1 in the log file downloaded_zips_unzipped\log20081101.csv
2018-10-12 19:45:21,681 - INFO - Count of Null values for downloaded_zips_unzipped\log20081201.csv in all the variables:
ip                0
date              0
time              0
zone              0
cik               0
accession         0
extention         0
code              2
size          32709
idx               2
norefer           0
noagent           0
find              2
crawler           2
browser      219816
dtype: int64 
2018-10-12 19:45:21,703 - INFO - There are 2 idx which are not 0 or 1 in the log file downloaded_zips_unzipped\log20081201.csv
2018-10-12 19:45:21,720 - INFO - There are 2 norefer which are not 0 or 1 in the log file downloaded_zips_unzipped\log20081201.csv
2018-10-12 19:45:21,735 - INFO - There are 2 noagent which are not 0 or 1 in the log file downloaded_zips_unzipped\log20081201.csv
2018-10-12 19:45:23,589 - INFO - Rows removed where ip, date, time, cik or accession were null.
2018-10-12 19:45:23,592 - INFO - NaN values in browser replaced with maximum count browser.
2018-10-12 19:45:23,593 - INFO - NaN values in idx replaced with maximum count idx.
2018-10-12 19:45:23,594 - INFO - NaN values in code replaced with maximum count code.
2018-10-12 19:45:23,595 - INFO - NaN values in norefer replaced with 0.
2018-10-12 19:45:23,595 - INFO - NaN values in noagent replaced with 0.
2018-10-12 19:45:23,599 - INFO - NaN values in find replaced with maximum count find.
2018-10-12 19:45:23,600 - INFO - NaN values in crawler replaced with 0.
2018-10-12 19:45:23,601 - INFO - NaN values in extension replaced with maximum count extension.
2018-10-12 19:45:23,601 - INFO - NaN values in zone replaced with maximum count zone.
2018-10-12 19:45:23,602 - INFO - NaN values in size replaced with mean value of size.
2018-10-12 19:45:23,603 - INFO - New column added to dataframe: Mean of size.
2018-10-12 19:45:23,604 - INFO - New column added to dataframe: Max count of browser.
2018-10-12 19:45:23,605 - INFO - New column added to dataframe: Count of distinct ip per month.
2018-10-12 19:45:23,606 - INFO - New column added to dataframe: Count of distinct cik per month.
2018-10-12 19:57:36,455 - INFO - All dataframes of csvs are combined and exported as csv: main_csv.csv.
2018-10-12 19:58:03,308 - INFO - Compiled csv and log file zipped
2018-10-12 19:58:03,310 - DEBUG - path=/
2018-10-12 19:58:03,311 - DEBUG - auth_path=/akiajb3ek3yzrouuilyq20181012195803310972/
2018-10-12 19:58:03,313 - DEBUG - Method: PUT
2018-10-12 19:58:03,315 - DEBUG - Path: /
2018-10-12 19:58:03,317 - DEBUG - Data: 
2018-10-12 19:58:03,319 - DEBUG - Headers: {}
2018-10-12 19:58:03,320 - DEBUG - Host: akiajb3ek3yzrouuilyq20181012195803310972.s3.amazonaws.com:443
2018-10-12 19:58:03,321 - DEBUG - Port: 443
2018-10-12 19:58:03,322 - DEBUG - Params: {}
2018-10-12 19:58:03,324 - DEBUG - establishing HTTPS connection: host=akiajb3ek3yzrouuilyq20181012195803310972.s3.amazonaws.com, kwargs={'timeout': 70, 'port': 443}
2018-10-12 19:58:03,338 - DEBUG - Token: None
2018-10-12 19:58:03,340 - DEBUG - StringToSign:
PUT


Fri, 12 Oct 2018 23:58:03 GMT
/akiajb3ek3yzrouuilyq20181012195803310972/
2018-10-12 19:58:03,342 - DEBUG - Signature:
AWS AKIAJB3EK3YZROUUILYQ:gohEClqe71FSCaIxzRQuSPpKnZI=
2018-10-12 19:58:03,343 - DEBUG - Final headers: {'User-Agent': 'Boto/2.48.0 Python/3.6.5 Windows/10', 'Date': 'Fri, 12 Oct 2018 23:58:03 GMT', 'Authorization': 'AWS AKIAJB3EK3YZROUUILYQ:gohEClqe71FSCaIxzRQuSPpKnZI=', 'Content-Length': '0'}
2018-10-12 19:58:03,723 - DEBUG - Response headers: [('x-amz-request-id', 'CB35BE9291050DC7'), ('x-amz-id-2', 'DeGGSFxNvj5nb/uIb6uHdRXH6H7e1/f6B6FUmaMetyO3TqpPE1RgigQ4a/n6SxMVZF7LRSxmves='), ('Content-Type', 'application/xml'), ('Transfer-Encoding', 'chunked'), ('Date', 'Fri, 12 Oct 2018 23:58:02 GMT'), ('Server', 'AmazonS3')]
2018-10-12 19:58:03,734 - INFO - Amazon keys are invalid!!
2018-10-12 20:10:08,947 - ERROR - name '__file__' is not defined
2018-10-12 20:13:19,094 - ERROR - name '__file__' is not defined
2018-10-12 20:14:20,273 - DEBUG - Using access key provided by client.
2018-10-12 20:14:20,274 - DEBUG - Using secret key provided by client.
2018-10-12 20:14:20,275 - INFO - Initializing zip download.
2018-10-12 20:14:24,282 - INFO - Log file log20080101.zip successfully downloaded
2018-10-12 20:14:27,949 - INFO - Log file log20080201.zip successfully downloaded
2018-10-12 20:14:30,049 - INFO - Log file log20080301.zip successfully downloaded
2018-10-12 20:14:33,678 - INFO - Log file log20080401.zip successfully downloaded
2018-10-12 20:14:39,970 - INFO - Log file log20080501.zip successfully downloaded
2018-10-12 20:14:42,257 - INFO - Log file log20080601.zip successfully downloaded
2018-10-12 20:14:45,378 - INFO - Log file log20080701.zip successfully downloaded
2018-10-12 20:14:47,273 - INFO - Log file log20080801.zip successfully downloaded
2018-10-12 20:14:48,592 - INFO - Log file log20080901.zip successfully downloaded
2018-10-12 20:14:53,277 - INFO - Log file log20081001.zip successfully downloaded
2018-10-12 20:14:55,075 - INFO - Log file log20081101.zip successfully downloaded
2018-10-12 20:15:00,503 - INFO - Log file log20081201.zip successfully downloaded
2018-10-12 20:15:00,504 - INFO - All log files downloaded for 2008
2018-10-12 20:15:04,574 - INFO - Zip files successfully extracted to folder: downloaded_zips_unzipped.
2018-10-12 20:15:20,121 - INFO - All the csv read into individual dataframes
2018-10-12 20:15:20,186 - INFO - Count of Null values for downloaded_zips_unzipped\log20080101.csv in all the variables:
ip                0
date              0
time              0
zone              0
cik               0
accession         0
extention         0
code              0
size           3729
idx               0
norefer           0
noagent           0
find              0
crawler           0
browser      125368
dtype: int64 
2018-10-12 20:15:20,192 - INFO - There are 0 idx which are not 0 or 1 in the log file downloaded_zips_unzipped\log20080101.csv
2018-10-12 20:15:20,196 - INFO - There are 0 norefer which are not 0 or 1 in the log file downloaded_zips_unzipped\log20080101.csv
2018-10-12 20:15:20,201 - INFO - There are 0 noagent which are not 0 or 1 in the log file downloaded_zips_unzipped\log20080101.csv
2018-10-12 20:15:20,668 - INFO - Count of Null values for downloaded_zips_unzipped\log20080201.csv in all the variables:
ip                0
date              0
time              0
zone              0
cik               0
accession         0
extention         0
code              0
size          20662
idx               0
norefer           0
noagent           0
find              0
crawler           0
browser      222875
dtype: int64 
2018-10-12 20:15:20,681 - INFO - There are 0 idx which are not 0 or 1 in the log file downloaded_zips_unzipped\log20080201.csv
2018-10-12 20:15:20,694 - INFO - There are 0 norefer which are not 0 or 1 in the log file downloaded_zips_unzipped\log20080201.csv
2018-10-12 20:15:20,706 - INFO - There are 0 noagent which are not 0 or 1 in the log file downloaded_zips_unzipped\log20080201.csv
2018-10-12 20:15:21,727 - INFO - Count of Null values for downloaded_zips_unzipped\log20080301.csv in all the variables:
ip                0
date              0
time              0
zone              0
cik               0
accession         0
extention         0
code              0
size           5620
idx               0
norefer           0
noagent           0
find              0
crawler           0
browser      325107
dtype: int64 
2018-10-12 20:15:21,736 - INFO - There are 0 idx which are not 0 or 1 in the log file downloaded_zips_unzipped\log20080301.csv
2018-10-12 20:15:21,745 - INFO - There are 0 norefer which are not 0 or 1 in the log file downloaded_zips_unzipped\log20080301.csv
2018-10-12 20:15:21,753 - INFO - There are 0 noagent which are not 0 or 1 in the log file downloaded_zips_unzipped\log20080301.csv
2018-10-12 20:15:22,683 - INFO - Count of Null values for downloaded_zips_unzipped\log20080401.csv in all the variables:
ip                0
date              0
time              0
zone              0
cik               0
accession         0
extention         0
code              0
size          30704
idx               0
norefer           0
noagent           0
find              0
crawler           0
browser      347456
dtype: int64 
2018-10-12 20:15:22,703 - INFO - There are 0 idx which are not 0 or 1 in the log file downloaded_zips_unzipped\log20080401.csv
2018-10-12 20:15:22,722 - INFO - There are 0 norefer which are not 0 or 1 in the log file downloaded_zips_unzipped\log20080401.csv
2018-10-12 20:15:22,738 - INFO - There are 0 noagent which are not 0 or 1 in the log file downloaded_zips_unzipped\log20080401.csv
2018-10-12 20:15:24,522 - INFO - Count of Null values for downloaded_zips_unzipped\log20080501.csv in all the variables:
ip                0
date              0
time              0
zone              0
cik               0
accession         0
extention         0
code              0
size          21581
idx               0
norefer           0
noagent           0
find              0
crawler           0
browser      631250
dtype: int64 
2018-10-12 20:15:24,548 - INFO - There are 0 idx which are not 0 or 1 in the log file downloaded_zips_unzipped\log20080501.csv
2018-10-12 20:15:24,573 - INFO - There are 0 norefer which are not 0 or 1 in the log file downloaded_zips_unzipped\log20080501.csv
2018-10-12 20:15:24,594 - INFO - There are 0 noagent which are not 0 or 1 in the log file downloaded_zips_unzipped\log20080501.csv
2018-10-12 20:15:26,361 - INFO - Count of Null values for downloaded_zips_unzipped\log20080601.csv in all the variables:
ip                0
date              0
time              0
zone              0
cik               0
accession         0
extention         0
code              0
size           5763
idx               0
norefer           0
noagent           0
find              0
crawler           0
browser      224287
dtype: int64 
2018-10-12 20:15:26,369 - INFO - There are 0 idx which are not 0 or 1 in the log file downloaded_zips_unzipped\log20080601.csv
2018-10-12 20:15:26,375 - INFO - There are 0 norefer which are not 0 or 1 in the log file downloaded_zips_unzipped\log20080601.csv
2018-10-12 20:15:26,382 - INFO - There are 0 noagent which are not 0 or 1 in the log file downloaded_zips_unzipped\log20080601.csv
2018-10-12 20:15:27,114 - INFO - Count of Null values for downloaded_zips_unzipped\log20080701.csv in all the variables:
ip                0
date              0
time              0
zone              0
cik               0
accession         0
extention         0
code              0
size          21492
idx               0
norefer           0
noagent           0
find              0
crawler           0
browser      226706
dtype: int64 
2018-10-12 20:15:27,129 - INFO - There are 0 idx which are not 0 or 1 in the log file downloaded_zips_unzipped\log20080701.csv
2018-10-12 20:15:27,143 - INFO - There are 0 norefer which are not 0 or 1 in the log file downloaded_zips_unzipped\log20080701.csv
2018-10-12 20:15:27,155 - INFO - There are 0 noagent which are not 0 or 1 in the log file downloaded_zips_unzipped\log20080701.csv
2018-10-12 20:15:28,344 - INFO - Count of Null values for downloaded_zips_unzipped\log20080801.csv in all the variables:
ip                0
date              0
time              0
zone              0
cik               0
accession         0
extention         0
code              0
size          18936
idx               0
norefer           0
noagent           0
find              0
crawler           0
browser      278679
dtype: int64 
2018-10-12 20:15:28,358 - INFO - There are 0 idx which are not 0 or 1 in the log file downloaded_zips_unzipped\log20080801.csv
2018-10-12 20:15:28,371 - INFO - There are 0 norefer which are not 0 or 1 in the log file downloaded_zips_unzipped\log20080801.csv
2018-10-12 20:15:28,384 - INFO - There are 0 noagent which are not 0 or 1 in the log file downloaded_zips_unzipped\log20080801.csv
2018-10-12 20:15:29,529 - INFO - Count of Null values for downloaded_zips_unzipped\log20080901.csv in all the variables:
ip                0
date              0
time              0
zone              0
cik               0
accession         0
extention         0
code              0
size          13933
idx               0
norefer           0
noagent           0
find              0
crawler           0
browser      157893
dtype: int64 
2018-10-12 20:15:29,538 - INFO - There are 0 idx which are not 0 or 1 in the log file downloaded_zips_unzipped\log20080901.csv
2018-10-12 20:15:29,547 - INFO - There are 0 norefer which are not 0 or 1 in the log file downloaded_zips_unzipped\log20080901.csv
2018-10-12 20:15:29,555 - INFO - There are 0 noagent which are not 0 or 1 in the log file downloaded_zips_unzipped\log20080901.csv
2018-10-12 20:15:30,429 - INFO - Count of Null values for downloaded_zips_unzipped\log20081001.csv in all the variables:
ip                0
date              0
time              0
zone              0
cik               0
accession         0
extention         0
code              0
size          37738
idx               0
norefer           0
noagent           0
find              0
crawler           0
browser      234603
dtype: int64 
2018-10-12 20:15:30,449 - INFO - There are 0 idx which are not 0 or 1 in the log file downloaded_zips_unzipped\log20081001.csv
2018-10-12 20:15:30,467 - INFO - There are 0 norefer which are not 0 or 1 in the log file downloaded_zips_unzipped\log20081001.csv
2018-10-12 20:15:30,483 - INFO - There are 0 noagent which are not 0 or 1 in the log file downloaded_zips_unzipped\log20081001.csv
2018-10-12 20:15:31,960 - INFO - Count of Null values for downloaded_zips_unzipped\log20081101.csv in all the variables:
ip                0
date              0
time              0
zone              0
cik               0
accession         0
extention         0
code              0
size          10992
idx               0
norefer           0
noagent           0
find              0
crawler           0
browser      263144
dtype: int64 
2018-10-12 20:15:31,973 - INFO - There are 0 idx which are not 0 or 1 in the log file downloaded_zips_unzipped\log20081101.csv
2018-10-12 20:15:31,984 - INFO - There are 0 norefer which are not 0 or 1 in the log file downloaded_zips_unzipped\log20081101.csv
2018-10-12 20:15:31,994 - INFO - There are 0 noagent which are not 0 or 1 in the log file downloaded_zips_unzipped\log20081101.csv
2018-10-12 20:15:33,004 - INFO - Count of Null values for downloaded_zips_unzipped\log20081201.csv in all the variables:
ip                0
date              0
time              0
zone              0
cik               0
accession         0
extention         0
code              2
size          32709
idx               2
norefer           0
noagent           0
find              2
crawler           2
browser      219816
dtype: int64 
2018-10-12 20:15:33,023 - INFO - There are 2 idx which are not 0 or 1 in the log file downloaded_zips_unzipped\log20081201.csv
2018-10-12 20:15:33,040 - INFO - There are 2 norefer which are not 0 or 1 in the log file downloaded_zips_unzipped\log20081201.csv
2018-10-12 20:15:33,054 - INFO - There are 2 noagent which are not 0 or 1 in the log file downloaded_zips_unzipped\log20081201.csv
2018-10-12 20:15:34,676 - INFO - Rows removed where ip, date, time, cik or accession were null.
2018-10-12 20:15:34,678 - INFO - NaN values in browser replaced with maximum count browser.
2018-10-12 20:15:34,678 - INFO - NaN values in idx replaced with maximum count idx.
2018-10-12 20:15:34,679 - INFO - NaN values in code replaced with maximum count code.
2018-10-12 20:15:34,680 - INFO - NaN values in norefer replaced with 0.
2018-10-12 20:15:34,681 - INFO - NaN values in noagent replaced with 0.
2018-10-12 20:15:34,682 - INFO - NaN values in find replaced with maximum count find.
2018-10-12 20:15:34,683 - INFO - NaN values in crawler replaced with 0.
2018-10-12 20:15:34,684 - INFO - NaN values in extension replaced with maximum count extension.
2018-10-12 20:15:34,685 - INFO - NaN values in zone replaced with maximum count zone.
2018-10-12 20:15:34,686 - INFO - NaN values in size replaced with mean value of size.
2018-10-12 20:15:34,687 - INFO - New column added to dataframe: Mean of size.
2018-10-12 20:15:34,688 - INFO - New column added to dataframe: Max count of browser.
2018-10-12 20:15:34,689 - INFO - New column added to dataframe: Count of distinct ip per month.
2018-10-12 20:15:34,690 - INFO - New column added to dataframe: Count of distinct cik per month.
2018-10-12 20:27:43,658 - INFO - All dataframes of csvs are combined and exported as csv: main_csv.csv.
2018-10-12 20:28:11,355 - INFO - Compiled csv and log file zipped
2018-10-12 20:28:11,356 - DEBUG - path=/
2018-10-12 20:28:11,357 - DEBUG - auth_path=/akiajb3ek3yzrouuilyq20181012202811356682/
2018-10-12 20:28:11,357 - DEBUG - Method: PUT
2018-10-12 20:28:11,358 - DEBUG - Path: /
2018-10-12 20:28:11,359 - DEBUG - Data: 
2018-10-12 20:28:11,360 - DEBUG - Headers: {}
2018-10-12 20:28:11,361 - DEBUG - Host: akiajb3ek3yzrouuilyq20181012202811356682.s3.amazonaws.com:443
2018-10-12 20:28:11,361 - DEBUG - Port: 443
2018-10-12 20:28:11,362 - DEBUG - Params: {}
2018-10-12 20:28:11,363 - DEBUG - establishing HTTPS connection: host=akiajb3ek3yzrouuilyq20181012202811356682.s3.amazonaws.com, kwargs={'timeout': 70, 'port': 443}
2018-10-12 20:28:11,371 - DEBUG - Token: None
2018-10-12 20:28:11,372 - DEBUG - StringToSign:
PUT


Sat, 13 Oct 2018 00:28:11 GMT
/akiajb3ek3yzrouuilyq20181012202811356682/
2018-10-12 20:28:11,372 - DEBUG - Signature:
AWS AKIAJB3EK3YZROUUILYQ:Vlwpu6gmYPUqhfWgllkRyhHu2wc=
2018-10-12 20:28:11,373 - DEBUG - Final headers: {'User-Agent': 'Boto/2.48.0 Python/3.6.5 Windows/10', 'Date': 'Sat, 13 Oct 2018 00:28:11 GMT', 'Authorization': 'AWS AKIAJB3EK3YZROUUILYQ:Vlwpu6gmYPUqhfWgllkRyhHu2wc=', 'Content-Length': '0'}
2018-10-12 20:28:11,602 - DEBUG - Response headers: [('x-amz-request-id', '23ED7051567DDC7A'), ('x-amz-id-2', 'xut1TINNn5HEgQbT+H5CessEFgqv05FxjHcD/a/7BzVliEUGyPLv7hSUnQrowVKlcJtkTLQcBs8='), ('Content-Type', 'application/xml'), ('Transfer-Encoding', 'chunked'), ('Date', 'Sat, 13 Oct 2018 00:28:10 GMT'), ('Server', 'AmazonS3')]
2018-10-12 20:28:11,616 - INFO - Amazon keys are invalid!!
2018-10-12 20:55:22,973 - ERROR - name '__file__' is not defined
2018-10-12 20:56:05,688 - DEBUG - Using access key provided by client.
2018-10-12 20:56:05,689 - DEBUG - Using secret key provided by client.
2018-10-12 20:56:05,691 - INFO - Initializing zip download.
2018-10-12 20:56:07,279 - INFO - Log file log20080101.zip successfully downloaded
2018-10-12 20:56:11,894 - INFO - Log file log20080201.zip successfully downloaded
2018-10-12 20:56:14,806 - INFO - Log file log20080301.zip successfully downloaded
2018-10-12 20:56:20,396 - INFO - Log file log20080401.zip successfully downloaded
2018-10-12 20:56:26,247 - INFO - Log file log20080501.zip successfully downloaded
2018-10-12 20:56:28,703 - INFO - Log file log20080601.zip successfully downloaded
2018-10-12 20:56:32,230 - INFO - Log file log20080701.zip successfully downloaded
2018-10-12 20:56:35,876 - INFO - Log file log20080801.zip successfully downloaded
2018-10-12 20:56:39,382 - INFO - Log file log20080901.zip successfully downloaded
2018-10-12 20:56:44,081 - INFO - Log file log20081001.zip successfully downloaded
2018-10-12 20:56:45,605 - INFO - Log file log20081101.zip successfully downloaded
2018-10-12 20:56:51,000 - INFO - Log file log20081201.zip successfully downloaded
2018-10-12 20:56:51,000 - INFO - All log files downloaded for 2008
2018-10-12 20:56:55,428 - INFO - Zip files successfully extracted to folder: downloaded_zips_unzipped.
2018-10-12 20:57:11,493 - INFO - All the csv read into individual dataframes
2018-10-12 20:57:11,567 - INFO - Count of Null values for downloaded_zips_unzipped\log20080101.csv in all the variables:
ip                0
date              0
time              0
zone              0
cik               0
accession         0
extention         0
code              0
size           3729
idx               0
norefer           0
noagent           0
find              0
crawler           0
browser      125368
dtype: int64 
2018-10-12 20:57:11,579 - INFO - There are 0 idx which are not 0 or 1 in the log file downloaded_zips_unzipped\log20080101.csv
2018-10-12 20:57:11,583 - INFO - There are 0 norefer which are not 0 or 1 in the log file downloaded_zips_unzipped\log20080101.csv
2018-10-12 20:57:11,588 - INFO - There are 0 noagent which are not 0 or 1 in the log file downloaded_zips_unzipped\log20080101.csv
2018-10-12 20:57:12,130 - INFO - Count of Null values for downloaded_zips_unzipped\log20080201.csv in all the variables:
ip                0
date              0
time              0
zone              0
cik               0
accession         0
extention         0
code              0
size          20662
idx               0
norefer           0
noagent           0
find              0
crawler           0
browser      222875
dtype: int64 
2018-10-12 20:57:12,153 - INFO - There are 0 idx which are not 0 or 1 in the log file downloaded_zips_unzipped\log20080201.csv
2018-10-12 20:57:12,166 - INFO - There are 0 norefer which are not 0 or 1 in the log file downloaded_zips_unzipped\log20080201.csv
2018-10-12 20:57:12,179 - INFO - There are 0 noagent which are not 0 or 1 in the log file downloaded_zips_unzipped\log20080201.csv
2018-10-12 20:57:13,186 - INFO - Count of Null values for downloaded_zips_unzipped\log20080301.csv in all the variables:
ip                0
date              0
time              0
zone              0
cik               0
accession         0
extention         0
code              0
size           5620
idx               0
norefer           0
noagent           0
find              0
crawler           0
browser      325107
dtype: int64 
2018-10-12 20:57:13,195 - INFO - There are 0 idx which are not 0 or 1 in the log file downloaded_zips_unzipped\log20080301.csv
2018-10-12 20:57:13,204 - INFO - There are 0 norefer which are not 0 or 1 in the log file downloaded_zips_unzipped\log20080301.csv
2018-10-12 20:57:13,212 - INFO - There are 0 noagent which are not 0 or 1 in the log file downloaded_zips_unzipped\log20080301.csv
2018-10-12 20:57:14,090 - INFO - Count of Null values for downloaded_zips_unzipped\log20080401.csv in all the variables:
ip                0
date              0
time              0
zone              0
cik               0
accession         0
extention         0
code              0
size          30704
idx               0
norefer           0
noagent           0
find              0
crawler           0
browser      347456
dtype: int64 
2018-10-12 20:57:14,125 - INFO - There are 0 idx which are not 0 or 1 in the log file downloaded_zips_unzipped\log20080401.csv
2018-10-12 20:57:14,143 - INFO - There are 0 norefer which are not 0 or 1 in the log file downloaded_zips_unzipped\log20080401.csv
2018-10-12 20:57:14,159 - INFO - There are 0 noagent which are not 0 or 1 in the log file downloaded_zips_unzipped\log20080401.csv
2018-10-12 20:57:15,734 - INFO - Count of Null values for downloaded_zips_unzipped\log20080501.csv in all the variables:
ip                0
date              0
time              0
zone              0
cik               0
accession         0
extention         0
code              0
size          21581
idx               0
norefer           0
noagent           0
find              0
crawler           0
browser      631250
dtype: int64 
2018-10-12 20:57:15,771 - INFO - There are 0 idx which are not 0 or 1 in the log file downloaded_zips_unzipped\log20080501.csv
2018-10-12 20:57:15,798 - INFO - There are 0 norefer which are not 0 or 1 in the log file downloaded_zips_unzipped\log20080501.csv
2018-10-12 20:57:15,824 - INFO - There are 0 noagent which are not 0 or 1 in the log file downloaded_zips_unzipped\log20080501.csv
2018-10-12 20:57:17,542 - INFO - Count of Null values for downloaded_zips_unzipped\log20080601.csv in all the variables:
ip                0
date              0
time              0
zone              0
cik               0
accession         0
extention         0
code              0
size           5763
idx               0
norefer           0
noagent           0
find              0
crawler           0
browser      224287
dtype: int64 
2018-10-12 20:57:17,559 - INFO - There are 0 idx which are not 0 or 1 in the log file downloaded_zips_unzipped\log20080601.csv
2018-10-12 20:57:17,567 - INFO - There are 0 norefer which are not 0 or 1 in the log file downloaded_zips_unzipped\log20080601.csv
2018-10-12 20:57:17,574 - INFO - There are 0 noagent which are not 0 or 1 in the log file downloaded_zips_unzipped\log20080601.csv
2018-10-12 20:57:18,282 - INFO - Count of Null values for downloaded_zips_unzipped\log20080701.csv in all the variables:
ip                0
date              0
time              0
zone              0
cik               0
accession         0
extention         0
code              0
size          21492
idx               0
norefer           0
noagent           0
find              0
crawler           0
browser      226706
dtype: int64 
2018-10-12 20:57:18,307 - INFO - There are 0 idx which are not 0 or 1 in the log file downloaded_zips_unzipped\log20080701.csv
2018-10-12 20:57:18,320 - INFO - There are 0 norefer which are not 0 or 1 in the log file downloaded_zips_unzipped\log20080701.csv
2018-10-12 20:57:18,331 - INFO - There are 0 noagent which are not 0 or 1 in the log file downloaded_zips_unzipped\log20080701.csv
2018-10-12 20:57:19,495 - INFO - Count of Null values for downloaded_zips_unzipped\log20080801.csv in all the variables:
ip                0
date              0
time              0
zone              0
cik               0
accession         0
extention         0
code              0
size          18936
idx               0
norefer           0
noagent           0
find              0
crawler           0
browser      278679
dtype: int64 
2018-10-12 20:57:19,515 - INFO - There are 0 idx which are not 0 or 1 in the log file downloaded_zips_unzipped\log20080801.csv
2018-10-12 20:57:19,528 - INFO - There are 0 norefer which are not 0 or 1 in the log file downloaded_zips_unzipped\log20080801.csv
2018-10-12 20:57:19,540 - INFO - There are 0 noagent which are not 0 or 1 in the log file downloaded_zips_unzipped\log20080801.csv
2018-10-12 20:57:20,676 - INFO - Count of Null values for downloaded_zips_unzipped\log20080901.csv in all the variables:
ip                0
date              0
time              0
zone              0
cik               0
accession         0
extention         0
code              0
size          13933
idx               0
norefer           0
noagent           0
find              0
crawler           0
browser      157893
dtype: int64 
2018-10-12 20:57:20,686 - INFO - There are 0 idx which are not 0 or 1 in the log file downloaded_zips_unzipped\log20080901.csv
2018-10-12 20:57:20,695 - INFO - There are 0 norefer which are not 0 or 1 in the log file downloaded_zips_unzipped\log20080901.csv
2018-10-12 20:57:20,704 - INFO - There are 0 noagent which are not 0 or 1 in the log file downloaded_zips_unzipped\log20080901.csv
2018-10-12 20:57:21,738 - INFO - Count of Null values for downloaded_zips_unzipped\log20081001.csv in all the variables:
ip                0
date              0
time              0
zone              0
cik               0
accession         0
extention         0
code              0
size          37738
idx               0
norefer           0
noagent           0
find              0
crawler           0
browser      234603
dtype: int64 
2018-10-12 20:57:21,762 - INFO - There are 0 idx which are not 0 or 1 in the log file downloaded_zips_unzipped\log20081001.csv
2018-10-12 20:57:21,781 - INFO - There are 0 norefer which are not 0 or 1 in the log file downloaded_zips_unzipped\log20081001.csv
2018-10-12 20:57:21,798 - INFO - There are 0 noagent which are not 0 or 1 in the log file downloaded_zips_unzipped\log20081001.csv
2018-10-12 20:57:23,451 - INFO - Count of Null values for downloaded_zips_unzipped\log20081101.csv in all the variables:
ip                0
date              0
time              0
zone              0
cik               0
accession         0
extention         0
code              0
size          10992
idx               0
norefer           0
noagent           0
find              0
crawler           0
browser      263144
dtype: int64 
2018-10-12 20:57:23,464 - INFO - There are 0 idx which are not 0 or 1 in the log file downloaded_zips_unzipped\log20081101.csv
2018-10-12 20:57:23,476 - INFO - There are 0 norefer which are not 0 or 1 in the log file downloaded_zips_unzipped\log20081101.csv
2018-10-12 20:57:23,487 - INFO - There are 0 noagent which are not 0 or 1 in the log file downloaded_zips_unzipped\log20081101.csv
2018-10-12 20:57:24,650 - INFO - Count of Null values for downloaded_zips_unzipped\log20081201.csv in all the variables:
ip                0
date              0
time              0
zone              0
cik               0
accession         0
extention         0
code              2
size          32709
idx               2
norefer           0
noagent           0
find              2
crawler           2
browser      219816
dtype: int64 
2018-10-12 20:57:24,669 - INFO - There are 2 idx which are not 0 or 1 in the log file downloaded_zips_unzipped\log20081201.csv
2018-10-12 20:57:24,686 - INFO - There are 2 norefer which are not 0 or 1 in the log file downloaded_zips_unzipped\log20081201.csv
2018-10-12 20:57:24,703 - INFO - There are 2 noagent which are not 0 or 1 in the log file downloaded_zips_unzipped\log20081201.csv
2018-10-12 20:57:26,252 - INFO - Rows removed where ip, date, time, cik or accession were null.
2018-10-12 20:57:26,252 - INFO - NaN values in browser replaced with maximum count browser.
2018-10-12 20:57:26,253 - INFO - NaN values in idx replaced with maximum count idx.
2018-10-12 20:57:26,253 - INFO - NaN values in code replaced with maximum count code.
2018-10-12 20:57:26,254 - INFO - NaN values in norefer replaced with 0.
2018-10-12 20:57:26,255 - INFO - NaN values in noagent replaced with 0.
2018-10-12 20:57:26,255 - INFO - NaN values in find replaced with maximum count find.
2018-10-12 20:57:26,256 - INFO - NaN values in crawler replaced with 0.
2018-10-12 20:57:26,256 - INFO - NaN values in extension replaced with maximum count extension.
2018-10-12 20:57:26,257 - INFO - NaN values in zone replaced with maximum count zone.
2018-10-12 20:57:26,257 - INFO - NaN values in size replaced with mean value of size.
2018-10-12 20:57:26,258 - INFO - New column added to dataframe: Mean of size.
2018-10-12 20:57:26,258 - INFO - New column added to dataframe: Max count of browser.
2018-10-12 20:57:26,259 - INFO - New column added to dataframe: Count of distinct ip per month.
2018-10-12 20:57:26,260 - INFO - New column added to dataframe: Count of distinct cik per month.
2018-10-12 21:09:32,152 - INFO - All dataframes of csvs are combined and exported as csv: main_csv.csv.
2018-10-12 21:09:58,353 - INFO - Compiled csv and log file zipped
2018-10-12 21:09:58,353 - DEBUG - path=/
2018-10-12 21:09:58,353 - DEBUG - auth_path=/akiajb3ek3yzrouuilyq20181012210958353454/
2018-10-12 21:09:58,353 - DEBUG - Method: PUT
2018-10-12 21:09:58,369 - DEBUG - Path: /
2018-10-12 21:09:58,369 - DEBUG - Data: 
2018-10-12 21:09:58,369 - DEBUG - Headers: {}
2018-10-12 21:09:58,369 - DEBUG - Host: akiajb3ek3yzrouuilyq20181012210958353454.s3.amazonaws.com:443
2018-10-12 21:09:58,369 - DEBUG - Port: 443
2018-10-12 21:09:58,369 - DEBUG - Params: {}
2018-10-12 21:09:58,369 - DEBUG - establishing HTTPS connection: host=akiajb3ek3yzrouuilyq20181012210958353454.s3.amazonaws.com, kwargs={'timeout': 70, 'port': 443}
2018-10-12 21:09:58,369 - DEBUG - Token: None
2018-10-12 21:09:58,369 - DEBUG - StringToSign:
PUT


Sat, 13 Oct 2018 01:09:58 GMT
/akiajb3ek3yzrouuilyq20181012210958353454/
2018-10-12 21:09:58,369 - DEBUG - Signature:
AWS AKIAJB3EK3YZROUUILYQ:6J/VrjsQhSp8fLfI8WqX8gJmXfM=
2018-10-12 21:09:58,369 - DEBUG - Final headers: {'User-Agent': 'Boto/2.48.0 Python/3.6.5 Windows/10', 'Date': 'Sat, 13 Oct 2018 01:09:58 GMT', 'Authorization': 'AWS AKIAJB3EK3YZROUUILYQ:6J/VrjsQhSp8fLfI8WqX8gJmXfM=', 'Content-Length': '0'}
2018-10-12 21:09:59,026 - DEBUG - Response headers: [('x-amz-id-2', 'IqHrigxOUdgzT6jpw0Gdwm3kB+MthgQzxddD4T0mQic+xhYbHWQMdOr6V7bEZEHQ+QXjRk/tYEk='), ('x-amz-request-id', '1D7524671737DA3E'), ('Date', 'Sat, 13 Oct 2018 01:09:59 GMT'), ('Location', '/akiajb3ek3yzrouuilyq20181012210958353454'), ('Content-Length', '0'), ('Server', 'AmazonS3')]
2018-10-12 21:09:59,725 - DEBUG - path=/Problem2
2018-10-12 21:09:59,725 - DEBUG - auth_path=/akiajb3ek3yzrouuilyq20181012210958353454/Problem2
2018-10-12 21:09:59,725 - DEBUG - Method: PUT
2018-10-12 21:09:59,725 - DEBUG - Path: /Problem2
2018-10-12 21:09:59,725 - DEBUG - Data: 
2018-10-12 21:09:59,725 - DEBUG - Headers: {'User-Agent': 'Boto/2.48.0 Python/3.6.5 Windows/10', 'Content-Type': 'application/x-zip-compressed', 'Content-MD5': 'GfhtLVdL28/wQl14C3yN1Q==', 'Content-Length': '138532661', 'Expect': '100-Continue'}
2018-10-12 21:09:59,740 - DEBUG - Host: akiajb3ek3yzrouuilyq20181012210958353454.s3.amazonaws.com:443
2018-10-12 21:09:59,740 - DEBUG - Port: 443
2018-10-12 21:09:59,740 - DEBUG - Params: {}
2018-10-12 21:09:59,740 - DEBUG - Token: None
2018-10-12 21:09:59,740 - DEBUG - StringToSign:
PUT
GfhtLVdL28/wQl14C3yN1Q==
application/x-zip-compressed
Sat, 13 Oct 2018 01:09:59 GMT
/akiajb3ek3yzrouuilyq20181012210958353454/Problem2
2018-10-12 21:09:59,740 - DEBUG - Signature:
AWS AKIAJB3EK3YZROUUILYQ:A951qL+fA0WjaXlFqvNmDW1zeK8=
2018-10-12 21:09:59,740 - DEBUG - Final headers: {'User-Agent': 'Boto/2.48.0 Python/3.6.5 Windows/10', 'Content-Type': 'application/x-zip-compressed', 'Content-MD5': 'GfhtLVdL28/wQl14C3yN1Q==', 'Content-Length': '138532661', 'Expect': '100-Continue', 'Date': 'Sat, 13 Oct 2018 01:09:59 GMT', 'Authorization': 'AWS AKIAJB3EK3YZROUUILYQ:A951qL+fA0WjaXlFqvNmDW1zeK8='}
2018-10-12 21:10:36,313 - DEBUG - Response headers: [('x-amz-id-2', 'J3XV3Pc0ZoT9/1l/GtuvyaYta9ZnZ5H4BUiZH41Z69f6InqIRxJofQpQSQjK7CBdxeRJL+uViFw='), ('x-amz-request-id', '980E2A2BBF479766'), ('Date', 'Sat, 13 Oct 2018 01:10:00 GMT'), ('ETag', '"19f86d2d574bdbcff0425d780b7c8dd5"'), ('Content-Length', '0'), ('Server', 'AmazonS3')]
