2018-10-12 21:25:17,741 - INFO - CSV has been made and Zipped
2018-10-12 21:27:20,522 - INFO - CSV has been made and Zipped
2018-10-12 21:27:36,379 - INFO - Amazon keys are invalid
2018-10-12 21:30:31,231 - INFO - CSV has been made and Zipped
2018-10-12 21:30:44,370 - INFO - Amazon keys are invalid!!
2018-10-12 21:32:48,939 - INFO - Amazon keys are invalid!!
2018-10-12 21:35:23,568 - INFO - CSV has been made and Zipped
2018-10-12 21:35:38,648 - DEBUG - Using access key provided by client.
2018-10-12 21:35:38,649 - DEBUG - Using secret key provided by client.
2018-10-12 21:36:04,002 - DEBUG - Using access key provided by client.
2018-10-12 21:36:04,003 - DEBUG - Using secret key provided by client.
2018-10-12 21:36:10,289 - INFO - Amazon keys are invalid!!
2018-10-12 21:37:45,053 - INFO - CSV has been made and Zipped
2018-10-12 21:38:00,267 - DEBUG - Using access key provided by client.
2018-10-12 21:38:00,268 - DEBUG - Using secret key provided by client.
2018-10-12 21:38:15,301 - INFO - Amazon keys are invalid!!
2018-10-12 21:44:40,639 - DEBUG - Using access key provided by client.
2018-10-12 21:44:40,646 - DEBUG - Using secret key provided by client.
2018-10-12 21:44:57,034 - INFO - Directory created
2018-10-12 21:44:59,674 - INFO - Amazon keys are invalid!!
2018-10-12 21:49:00,369 - DEBUG - Using access key provided by client.
2018-10-12 21:49:00,375 - DEBUG - Using secret key provided by client.
2018-10-12 21:49:20,674 - INFO - Directory created
2018-10-12 21:49:24,160 - INFO - Amazon keys are invalid!!
2018-10-12 21:53:33,132 - DEBUG - Using access key provided by client.
2018-10-12 21:53:33,138 - DEBUG - Using secret key provided by client.
2018-10-12 21:53:42,520 - INFO - Directory created
2018-10-12 21:53:43,027 - INFO - Amazon keys are invalid!!
2018-10-12 21:58:01,735 - DEBUG - Using access key provided by client.
2018-10-12 21:58:01,741 - DEBUG - Using secret key provided by client.
2018-10-12 22:02:22,860 - INFO - Directory created
2018-10-12 22:02:23,543 - INFO - Amazon keys are invalid!!
2018-10-12 22:08:28,482 - DEBUG - Using access key provided by client.
2018-10-12 22:08:28,488 - DEBUG - Using secret key provided by client.
2018-10-12 22:08:38,741 - INFO - Directory created
2018-10-12 22:08:42,356 - INFO - Amazon keys are invalid!!
2018-10-12 22:11:04,331 - DEBUG - Using access key provided by client.
2018-10-12 22:11:04,338 - DEBUG - Using secret key provided by client.
2018-10-12 22:11:04,339 - INFO - Directory created
2018-10-12 22:11:04,340 - INFO - Amazon keys are invalid!!
2018-10-12 22:33:42,332 - DEBUG - Using access key provided by client.
2018-10-12 22:33:42,340 - DEBUG - Using secret key provided by client.
2018-10-12 22:33:47,918 - INFO - Directory created
2018-10-12 22:35:15,594 - INFO - Directory created
2018-10-12 22:35:15,594 - INFO - Directory created
2018-10-12 22:36:18,308 - INFO - Directory Created
2018-10-12 22:36:18,308 - INFO - Directory Created
2018-10-12 22:36:18,310 - INFO - URL for the 10-q file for CIK = 1288776 and Accession_no = 000046 is created
2018-10-12 22:36:18,310 - INFO - URL for the 10-q file for CIK = 1288776 and Accession_no = 000046 is created
2018-10-12 22:36:18,351 - DEBUG - Starting new HTTPS connection (1): www.sec.gov
2018-10-12 22:36:18,351 - DEBUG - Starting new HTTPS connection (1): www.sec.gov
2018-10-12 22:36:18,722 - DEBUG - https://www.sec.gov:443 "HEAD /Archives/edgar/data/1288776/000128877615000046/0001288776-15-000046-index.htm HTTP/1.1" 200 0
2018-10-12 22:36:18,722 - DEBUG - https://www.sec.gov:443 "HEAD /Archives/edgar/data/1288776/000128877615000046/0001288776-15-000046-index.htm HTTP/1.1" 200 0
2018-10-12 22:36:18,737 - INFO - Link is generated
2018-10-12 22:36:18,737 - INFO - Link is generated
2018-10-12 22:36:18,750 - DEBUG - Starting new HTTPS connection (1): www.sec.gov
2018-10-12 22:36:18,750 - DEBUG - Starting new HTTPS connection (1): www.sec.gov
2018-10-12 22:36:18,898 - DEBUG - https://www.sec.gov:443 "GET /Archives/edgar/data/1288776/000128877615000046/0001288776-15-000046-index.htm HTTP/1.1" 200 3068
2018-10-12 22:36:18,898 - DEBUG - https://www.sec.gov:443 "GET /Archives/edgar/data/1288776/000128877615000046/0001288776-15-000046-index.htm HTTP/1.1" 200 3068
2018-10-12 22:36:18,966 - INFO - 10 Link generated
2018-10-12 22:36:18,966 - INFO - 10 Link generated
